<?xml version="1.0" encoding="UTF-8"?>
<!-- Generated by org.testng.reporters.JUnitXMLReporter -->
<testsuite ignored="0" hostname="ISBLT-6892" failures="0" tests="17" name="Test" time="65.662" errors="0" timestamp="2021-06-04T15:39:37 PKT">
  <testcase classname="Testcases.Testcases" name="T00_clickPopUp_noThanksButton" time="5.318"/>
  <testcase classname="Testcases.Testcasesarabic" name="T00_arabic_clickPopUp_noThanksButton" time="5.35"/>
  <testcase classname="Testcases.Testcasesarabic" name="T00_arabic_switcharabiclang" time="0.278"/>
  <testcase classname="Testcases.Testcases" name="T01_clickAccountButton" time="0.428"/>
  <testcase classname="Testcases.Testcases" name="T02_clickfacebook_button" time="5.314"/>
  <testcase classname="Testcases.Testcases" name="T03_entercred" time="3.789"/>
  <testcase classname="Testcases.Testcasesarabic" name="T00_arabic_xclickPopUp_noThanksButton" time="10.434"/>
  <testcase classname="Testcases.Testcasesarabic" name="T01_arabic_clickAccountButton" time="0.568"/>
  <testcase classname="Testcases.Testcases" name="T04_click_facebook_loginbutton" time="5.299"/>
  <testcase classname="Testcases.Testcasesarabic" name="T02_arabic_clickfacebook_button" time="5.36"/>
  <testcase classname="Testcases.Testcasesarabic" name="T03_arabic_entercred" time="1.506"/>
  <testcase classname="Testcases.Testcasesarabic" name="T04_arabic_click_facebook_loginbutton" time="5.142"/>
  <testcase classname="Testcases.Testcases" name="T05_verifysuccessfullyloggedin" time="9.779"/>
  <testcase classname="Testcases.Testcases" name="T06_clickclothing" time="6.927"/>
  <testcase classname="Testcases.Testcases" name="T07_Scrolldown" time="13.721"/>
  <testcase classname="Testcases.Testcasesarabic" name="T05_clickclothing" time="24.65"/>
  <testcase classname="Testcases.Testcasesarabic" name="T06_arabic_Scrolldown" time="12.177"/>
</testsuite> <!-- Test -->
